<?xml version="1.0" encoding="UTF-8"?>
<testng-results ignored="1" total="2" passed="1" failed="0" skipped="0">
  <reporter-output>
  </reporter-output>
  <suite started-at="2025-07-31T19:58:26 IST" name="Default suite" finished-at="2025-07-31T19:58:26 IST" duration-ms="157">
    <groups>
    </groups>
    <test started-at="2025-07-31T19:58:26 IST" name="Default test" finished-at="2025-07-31T19:58:26 IST" duration-ms="157">
      <class name="gittest.AppTesting">
        <test-method signature="developing()[pri:0, instance:gittest.AppTesting@587e5365]" started-at="2025-07-31T19:58:26 IST" name="developing" finished-at="2025-07-31T19:58:26 IST" duration-ms="27" status="PASS">
          <reporter-output>
          </reporter-output>
        </test-method> <!-- developing -->
      </class> <!-- gittest.AppTesting -->
    </test> <!-- Default test -->
  </suite> <!-- Default suite -->
</testng-results>
