<?xml version="1.0" encoding="UTF-8"?>
<testng-results ignored="0" total="1" passed="1" failed="0" skipped="0">
  <reporter-output>
  </reporter-output>
  <suite started-at="2025-07-30T00:14:06 IST" name="Default suite" finished-at="2025-07-30T00:14:06 IST" duration-ms="411">
    <groups>
    </groups>
    <test started-at="2025-07-30T00:14:06 IST" name="Default test" finished-at="2025-07-30T00:14:06 IST" duration-ms="411">
      <class name="gitwork1.AppTest">
        <test-method signature="restApiTest()[pri:0, instance:gitwork1.AppTest@ae13544]" started-at="2025-07-30T00:14:06 IST" name="restApiTest" finished-at="2025-07-30T00:14:06 IST" duration-ms="111" status="PASS">
          <reporter-output>
          </reporter-output>
        </test-method> <!-- restApiTest -->
      </class> <!-- gitwork1.AppTest -->
    </test> <!-- Default test -->
  </suite> <!-- Default suite -->
</testng-results>
